工作项目备份/hn-qzy/proguard.cfg
-optimizationpasses 5
-dontusemixedcaseclassnames
-dontskipnonpubliclibraryclasses
-dontpreverify
-verbose
-optimizations !code/simplification/arithmetic,!field/*,!class/merging/*
-ignorewarnings
-libraryjars libs/baidumapapi_v2_2_0.jar
-libraryjars libs/locSDK_3.1.jar
-keep public class * extends android.app.Activity
-keep public class * extends android.app.Application
-keep public class * extends android.app.Service
-keep public class * extends android.content.BroadcastReceiver
-keep public class * extends android.content.ContentProvider
-keep public class * extends android.app.backup.BackupAgentHelper
-keep public class * extends android.preference.Preference
-keep public class com.android.vending.licensing.ILicensingService
-keep class com.baidu.** { *; }
-keep class vi.com.gdi.bgl.android.**{*;}

-keepclasseswithmembernames class * {
    native <methods>;
}

-keepclasseswithmembers class * {
    public <init>(android.content.Context, android.util.AttributeSet);
}

-keepclasseswithmembers class * {
    public <init>(android.content.Context, android.util.AttributeSet, int);
}

-keepclassmembers class * extends android.app.Activity {
   public void *(android.view.View);
}

-keepclassmembers enum * {
    public static **[] values();
    public static ** valueOf(java.lang.String);
}

-keep public class com.yifeng.hnqzt.util.WebViewJsUtil{
 public void goToMap( java.lang.String , java.lang.String, java.lang.String, java.lang.String, java.lang.String, java.lang.String);  
}

-keep class * implements android.os.Parcelable {
  public static final android.os.Parcelable$Creator *;
}

-keep public class com.yifeng.qzt.util.WebViewJsUtil{
 public void goToMap( java.lang.String , java.lang.String,java.lang.String,java.lang.String,java.lang.String,java.lang.String);  
}