工作项目备份/hn-qzy/proguard/mapping.txt
com.yifeng.hnqzt.ui.ambitus.AmbitusMap$MyLocationListenner -> com.yifeng.hnqzt.ui.ambitus.g:
    com.yifeng.hnqzt.ui.ambitus.AmbitusMap this$0 -> a
    void onReceiveLocation(com.baidu.location.BDLocation) -> onReceiveLocation
    void onReceivePoi(com.baidu.location.BDLocation) -> onReceivePoi
com.yifeng.hnqzt.ui.ambitus.Search -> com.yifeng.hnqzt.ui.ambitus.Search:
    android.widget.Button backBtn -> a
    android.widget.Button screen_btn -> b
    android.widget.Button reset_btn -> g
    android.widget.TableRow price_item -> h
    android.widget.SeekBar mSeekBar -> i
    android.widget.TextView ambitus_lab -> j
    com.yifeng.hnqzt.adapter.CommonAdapter adpater -> k
    java.util.List areaData -> l
    java.util.List priceData -> m
    android.widget.ListView listView -> n
    android.widget.TextView areaLab -> o
    android.widget.TextView priceLab -> p
    java.lang.String lng -> q
    java.lang.String lat -> r
    java.lang.String areaName -> s
    java.lang.String positionName -> t
    java.lang.String price -> u
    java.lang.String slng -> v
    java.lang.String slat -> w
    int limit -> x
    android.widget.EditText ponsition -> y
    void onCreate(android.os.Bundle) -> onCreate
    void onClick(android.view.View) -> onClick
    void onProgressChanged(android.widget.SeekBar,int,boolean) -> onProgressChanged
    void onStartTrackingTouch(android.widget.SeekBar) -> onStartTrackingTouch
    void onStopTrackingTouch(android.widget.SeekBar) -> onStopTrackingTouch
    void setListViewData$13462e() -> a
    android.widget.TextView access$0(com.yifeng.hnqzt.ui.ambitus.Search) -> a
    java.util.List access$1(com.yifeng.hnqzt.ui.ambitus.Search) -> b
    void access$2(com.yifeng.hnqzt.ui.ambitus.Search,java.lang.String) -> a
com.yifeng.hnqzt.ui.ambitus.Search$1 -> com.yifeng.hnqzt.ui.ambitus.h:
    com.yifeng.hnqzt.ui.ambitus.Search this$0 -> a
    int val$type -> b
    android.app.Dialog val$builder -> c
    void onItemClick(android.widget.AdapterView,android.view.View,int,long) -> onItemClick
com.yifeng.hnqzt.ui.enterprise.EnterpriseList -> com.yifeng.hnqzt.ui.enterprise.EnterpriseList:
    android.widget.ListView listview -> i
    com.yifeng.hnqzt.data.EnterpriseDal enterpriseDal -> j
    int pageNum -> k
    int lastItem -> l
    java.util.List list -> m
    java.util.List returnList -> n
    com.yifeng.hnqzt.adapter.CommonAdapter adapter -> o
    android.widget.Button back_btn -> p
    android.widget.Button refresh_btn -> q
    android.widget.Button qbqy_btn -> r
    android.widget.Button djqy_btn -> s
    android.widget.Button zmqy_btn -> t
    android.widget.Button search_btn -> u
    android.widget.Spinner spn_area -> v
    android.widget.EditText edtTxt_name -> w
    java.lang.String c_name -> x
    java.lang.String area_id -> y
    boolean isLoading -> z
    android.app.ProgressDialog progressDialog -> A
    java.util.List areas -> B
    com.yifeng.hnqzt.data.UserDAL userDal -> a
    java.lang.Runnable recRunnable -> C
    java.lang.Runnable runnable -> b
    android.os.Handler regeditHandler -> g
    android.os.Handler recHandler -> h
    void onCreate(android.os.Bundle) -> onCreate
    void doLoadData() -> a
    void onScroll(android.widget.AbsListView,int,int,int) -> onScroll
    void onScrollStateChanged(android.widget.AbsListView,int) -> onScrollStateChanged
    com.yifeng.hnqzt.data.EnterpriseDal access$0(com.yifeng.hnqzt.ui.enterprise.EnterpriseList) -> a
    int access$1(com.yifeng.hnqzt.ui.enterprise.EnterpriseList) -> b
com.yifeng.hnqzt.ui.enterprise.EnterpriseList$1 -> com.yifeng.hnqzt.ui.enterprise.a:
    com.yifeng.hnqzt.ui.enterprise.EnterpriseList this$0 -> a
    void run() -> run
com.yifeng.hnqzt.ui.enterprise.EnterpriseList$2 -> com.yifeng.hnqzt.ui.enterprise.b:
    com.yifeng.hnqzt.ui.enterprise.EnterpriseList this$0 -> a
    void run() -> run