工作项目备份/hn-qzy/proguard/usage.txt
android.annotation.SuppressLint
android.annotation.TargetApi
com.genius.cell.CellIDInfo
com.genius.cell.CellIDInfoManager
com.yifeng.hnqzt.BuildConfig
com.yifeng.hnqzt.Manifest
com.yifeng.hnqzt.Manifest$permission
com.yifeng.hnqzt.R:
    10:10:public R()
com.yifeng.hnqzt.R$anim
com.yifeng.hnqzt.R$attr
com.yifeng.hnqzt.R$color
com.yifeng.hnqzt.R$drawable
com.yifeng.hnqzt.R$id
com.yifeng.hnqzt.R$layout
com.yifeng.hnqzt.R$menu
com.yifeng.hnqzt.R$string
com.yifeng.hnqzt.R$style
com.yifeng.hnqzt.R$styleable:
    public static final int CircleFlowIndicator_activeColor
    public static final int CircleFlowIndicator_activeRadius
    public static final int CircleFlowIndicator_activeType
    public static final int CircleFlowIndicator_centered
    public static final int CircleFlowIndicator_circleSeparation
    public static final int CircleFlowIndicator_fadeOut
    public static final int CircleFlowIndicator_inactiveColor
    public static final int CircleFlowIndicator_inactiveType
    public static final int CircleFlowIndicator_radius
    public static final int Gallery1_android_galleryItemBackground
    public static final int LabelView_text
    public static final int LabelView_textColor
    public static final int LabelView_textSize
    public static final int TogglePrefAttrs_android_preferenceLayoutChild
    public static final int ViewFlow_sidebuffer
    1206:1206:public R$styleable()
com.yifeng.hnqzt.adapter.CommonAdapter:
    public android.os.Handler chandler
    116:118:public void setData(java.util.List)
com.yifeng.hnqzt.adapter.ViewAdapter:
    public android.widget.Button news_btn
    public android.widget.Button meeting_btn
    public android.widget.Button notice_btn
    77:80:public void setData(java.util.List)
    83:84:public void clearData()
    99:106:private void setOnclick(android.widget.Button,android.content.Intent)
    23:23:static synthetic android.app.Activity access$0(com.yifeng.hnqzt.adapter.ViewAdapter)
com.yifeng.hnqzt.adapter.ViewAdapter$1
com.yifeng.hnqzt.adapter.ViewGalleryAdapter:
    public android.os.Handler chandler
    124:126:public void setData(java.util.List)
com.yifeng.hnqzt.data.BaseDAL:
    36:37:public void setIpconfig(java.lang.String)
com.yifeng.hnqzt.data.JobDAL:
    56:62:public java.util.List doQuery(java.lang.String,java.lang.String,int)
    141:146:public java.util.List dointerviewInvitation(java.lang.String,int)
com.yifeng.hnqzt.data.RecuitDal:
    43:45:public java.lang.String doQuery(java.util.Map,java.lang.String)
com.yifeng.hnqzt.ui.AddResumeActivity:
    public static final int NONE
com.yifeng.hnqzt.ui.AppContext:
    6:6:public AppContext()
com.yifeng.hnqzt.ui.BaseActivity:
    private static final float TARGET_HEAP_UTILIZATION
    79:79:public java.lang.String getImsi()
com.yifeng.hnqzt.ui.ExitApplication:
    14:16:public static com.yifeng.hnqzt.ui.ExitApplication getInstance()
    27:27:public static com.yifeng.hnqzt.entity.User getUser()
    30:31:public static void setUser(com.yifeng.hnqzt.entity.User)
com.yifeng.hnqzt.ui.LoadingActivity:
    90:128:private boolean checkMobile()
    133:143:public void sysExit()
com.yifeng.hnqzt.ui.MyListView:
    private static final java.lang.String TAG
    private static final int RELEASE_To_REFRESH
    private static final int PULL_To_REFRESH
    private static final int REFRESHING
    private static final int DONE
    private static final int LOADING
    private static final int RATIO
com.yifeng.hnqzt.ui.PersonalResumeActivity:
    private android.widget.TextView mobile_num
    private android.widget.TextView updateTime
com.yifeng.hnqzt.ui.UserSession:
    public static final java.lang.String USERINFO
com.yifeng.hnqzt.ui.ambitus.AmbitusMap:
    private float gps_marker_CENTER_X
    private float gps_marker_CENTER_Y
com.yifeng.hnqzt.ui.ambitus.Search:
    private android.widget.TableRow duty_item
com.yifeng.hnqzt.ui.enterprise.EnterpriseList:
    android.widget.ArrayAdapter arrayAdapter